/var/lib/jenkins/workspace/cp1c/.aws-sam/build/CreateTodoFunction/requests/__init__.py:60:LOW:B101:Use of assert detected. The enclosed code will be removed when compiling to optimised byte code.
/var/lib/jenkins/workspace/cp1c/.aws-sam/build/CreateTodoFunction/requests/__init__.py:70:LOW:B101:Use of assert detected. The enclosed code will be removed when compiling to optimised byte code.
/var/lib/jenkins/workspace/cp1c/.aws-sam/build/CreateTodoFunction/requests/__init__.py:72:LOW:B101:Use of assert detected. The enclosed code will be removed when compiling to optimised byte code.
/var/lib/jenkins/workspace/cp1c/.aws-sam/build/CreateTodoFunction/requests/__init__.py:79:LOW:B101:Use of assert detected. The enclosed code will be removed when compiling to optimised byte code.
/var/lib/jenkins/workspace/cp1c/.aws-sam/build/CreateTodoFunction/requests/__init__.py:84:LOW:B101:Use of assert detected. The enclosed code will be removed when compiling to optimised byte code.
/var/lib/jenkins/workspace/cp1c/.aws-sam/build/CreateTodoFunction/requests/_internal_utils.py:45:LOW:B101:Use of assert detected. The enclosed code will be removed when compiling to optimised byte code.
/var/lib/jenkins/workspace/cp1c/.aws-sam/build/CreateTodoFunction/requests/auth.py:148:HIGH:B324:Use of weak MD5 hash for security. Consider usedforsecurity=False
/var/lib/jenkins/workspace/cp1c/.aws-sam/build/CreateTodoFunction/requests/auth.py:156:HIGH:B324:Use of weak SHA1 hash for security. Consider usedforsecurity=False
/var/lib/jenkins/workspace/cp1c/.aws-sam/build/CreateTodoFunction/requests/auth.py:205:HIGH:B324:Use of weak SHA1 hash for security. Consider usedforsecurity=False
/var/lib/jenkins/workspace/cp1c/.aws-sam/build/CreateTodoFunction/urllib3/_collections.py:329:LOW:B101:Use of assert detected. The enclosed code will be removed when compiling to optimised byte code.
/var/lib/jenkins/workspace/cp1c/.aws-sam/build/CreateTodoFunction/urllib3/http2/connection.py:260:LOW:B101:Use of assert detected. The enclosed code will be removed when compiling to optimised byte code.
/var/lib/jenkins/workspace/cp1c/.aws-sam/build/CreateTodoFunction/urllib3/http2/connection.py:313:LOW:B110:Try, Except, Pass detected.
/var/lib/jenkins/workspace/cp1c/.aws-sam/build/CreateTodoFunction/urllib3/http2/probe.py:45:LOW:B101:Use of assert detected. The enclosed code will be removed when compiling to optimised byte code.
/var/lib/jenkins/workspace/cp1c/.aws-sam/build/CreateTodoFunction/urllib3/response.py:289:LOW:B101:Use of assert detected. The enclosed code will be removed when compiling to optimised byte code.
/var/lib/jenkins/workspace/cp1c/.aws-sam/build/CreateTodoFunction/urllib3/response.py:826:LOW:B101:Use of assert detected. The enclosed code will be removed when compiling to optimised byte code.
/var/lib/jenkins/workspace/cp1c/.aws-sam/build/CreateTodoFunction/urllib3/util/connection.py:129:LOW:B110:Try, Except, Pass detected.
/var/lib/jenkins/workspace/cp1c/.aws-sam/build/CreateTodoFunction/urllib3/util/retry.py:305:LOW:B311:Standard pseudo-random generators are not suitable for security/cryptographic purposes.
/var/lib/jenkins/workspace/cp1c/.aws-sam/build/CreateTodoFunction/urllib3/util/ssltransport.py:137:LOW:B101:Use of assert detected. The enclosed code will be removed when compiling to optimised byte code.
/var/lib/jenkins/workspace/cp1c/.aws-sam/build/CreateTodoFunction/urllib3/util/ssltransport.py:160:LOW:B101:Use of assert detected. The enclosed code will be removed when compiling to optimised byte code.
/var/lib/jenkins/workspace/cp1c/.aws-sam/build/DeleteTodoFunction/requests/__init__.py:60:LOW:B101:Use of assert detected. The enclosed code will be removed when compiling to optimised byte code.
/var/lib/jenkins/workspace/cp1c/.aws-sam/build/DeleteTodoFunction/requests/__init__.py:70:LOW:B101:Use of assert detected. The enclosed code will be removed when compiling to optimised byte code.
/var/lib/jenkins/workspace/cp1c/.aws-sam/build/DeleteTodoFunction/requests/__init__.py:72:LOW:B101:Use of assert detected. The enclosed code will be removed when compiling to optimised byte code.
/var/lib/jenkins/workspace/cp1c/.aws-sam/build/DeleteTodoFunction/requests/__init__.py:79:LOW:B101:Use of assert detected. The enclosed code will be removed when compiling to optimised byte code.
/var/lib/jenkins/workspace/cp1c/.aws-sam/build/DeleteTodoFunction/requests/__init__.py:84:LOW:B101:Use of assert detected. The enclosed code will be removed when compiling to optimised byte code.
/var/lib/jenkins/workspace/cp1c/.aws-sam/build/DeleteTodoFunction/requests/_internal_utils.py:45:LOW:B101:Use of assert detected. The enclosed code will be removed when compiling to optimised byte code.
/var/lib/jenkins/workspace/cp1c/.aws-sam/build/DeleteTodoFunction/requests/auth.py:148:HIGH:B324:Use of weak MD5 hash for security. Consider usedforsecurity=False
/var/lib/jenkins/workspace/cp1c/.aws-sam/build/DeleteTodoFunction/requests/auth.py:156:HIGH:B324:Use of weak SHA1 hash for security. Consider usedforsecurity=False
/var/lib/jenkins/workspace/cp1c/.aws-sam/build/DeleteTodoFunction/requests/auth.py:205:HIGH:B324:Use of weak SHA1 hash for security. Consider usedforsecurity=False
/var/lib/jenkins/workspace/cp1c/.aws-sam/build/DeleteTodoFunction/urllib3/_collections.py:329:LOW:B101:Use of assert detected. The enclosed code will be removed when compiling to optimised byte code.
/var/lib/jenkins/workspace/cp1c/.aws-sam/build/DeleteTodoFunction/urllib3/http2/connection.py:260:LOW:B101:Use of assert detected. The enclosed code will be removed when compiling to optimised byte code.
/var/lib/jenkins/workspace/cp1c/.aws-sam/build/DeleteTodoFunction/urllib3/http2/connection.py:313:LOW:B110:Try, Except, Pass detected.
/var/lib/jenkins/workspace/cp1c/.aws-sam/build/DeleteTodoFunction/urllib3/http2/probe.py:45:LOW:B101:Use of assert detected. The enclosed code will be removed when compiling to optimised byte code.
/var/lib/jenkins/workspace/cp1c/.aws-sam/build/DeleteTodoFunction/urllib3/response.py:289:LOW:B101:Use of assert detected. The enclosed code will be removed when compiling to optimised byte code.
/var/lib/jenkins/workspace/cp1c/.aws-sam/build/DeleteTodoFunction/urllib3/response.py:826:LOW:B101:Use of assert detected. The enclosed code will be removed when compiling to optimised byte code.
/var/lib/jenkins/workspace/cp1c/.aws-sam/build/DeleteTodoFunction/urllib3/util/connection.py:129:LOW:B110:Try, Except, Pass detected.
/var/lib/jenkins/workspace/cp1c/.aws-sam/build/DeleteTodoFunction/urllib3/util/retry.py:305:LOW:B311:Standard pseudo-random generators are not suitable for security/cryptographic purposes.
/var/lib/jenkins/workspace/cp1c/.aws-sam/build/DeleteTodoFunction/urllib3/util/ssltransport.py:137:LOW:B101:Use of assert detected. The enclosed code will be removed when compiling to optimised byte code.
/var/lib/jenkins/workspace/cp1c/.aws-sam/build/DeleteTodoFunction/urllib3/util/ssltransport.py:160:LOW:B101:Use of assert detected. The enclosed code will be removed when compiling to optimised byte code.
/var/lib/jenkins/workspace/cp1c/.aws-sam/build/GetTodoFunction/requests/__init__.py:60:LOW:B101:Use of assert detected. The enclosed code will be removed when compiling to optimised byte code.
/var/lib/jenkins/workspace/cp1c/.aws-sam/build/GetTodoFunction/requests/__init__.py:70:LOW:B101:Use of assert detected. The enclosed code will be removed when compiling to optimised byte code.
/var/lib/jenkins/workspace/cp1c/.aws-sam/build/GetTodoFunction/requests/__init__.py:72:LOW:B101:Use of assert detected. The enclosed code will be removed when compiling to optimised byte code.
/var/lib/jenkins/workspace/cp1c/.aws-sam/build/GetTodoFunction/requests/__init__.py:79:LOW:B101:Use of assert detected. The enclosed code will be removed when compiling to optimised byte code.
/var/lib/jenkins/workspace/cp1c/.aws-sam/build/GetTodoFunction/requests/__init__.py:84:LOW:B101:Use of assert detected. The enclosed code will be removed when compiling to optimised byte code.
/var/lib/jenkins/workspace/cp1c/.aws-sam/build/GetTodoFunction/requests/_internal_utils.py:45:LOW:B101:Use of assert detected. The enclosed code will be removed when compiling to optimised byte code.
/var/lib/jenkins/workspace/cp1c/.aws-sam/build/GetTodoFunction/requests/auth.py:148:HIGH:B324:Use of weak MD5 hash for security. Consider usedforsecurity=False
/var/lib/jenkins/workspace/cp1c/.aws-sam/build/GetTodoFunction/requests/auth.py:156:HIGH:B324:Use of weak SHA1 hash for security. Consider usedforsecurity=False
/var/lib/jenkins/workspace/cp1c/.aws-sam/build/GetTodoFunction/requests/auth.py:205:HIGH:B324:Use of weak SHA1 hash for security. Consider usedforsecurity=False
/var/lib/jenkins/workspace/cp1c/.aws-sam/build/GetTodoFunction/urllib3/_collections.py:329:LOW:B101:Use of assert detected. The enclosed code will be removed when compiling to optimised byte code.
/var/lib/jenkins/workspace/cp1c/.aws-sam/build/GetTodoFunction/urllib3/http2/connection.py:260:LOW:B101:Use of assert detected. The enclosed code will be removed when compiling to optimised byte code.
/var/lib/jenkins/workspace/cp1c/.aws-sam/build/GetTodoFunction/urllib3/http2/connection.py:313:LOW:B110:Try, Except, Pass detected.
/var/lib/jenkins/workspace/cp1c/.aws-sam/build/GetTodoFunction/urllib3/http2/probe.py:45:LOW:B101:Use of assert detected. The enclosed code will be removed when compiling to optimised byte code.
/var/lib/jenkins/workspace/cp1c/.aws-sam/build/GetTodoFunction/urllib3/response.py:289:LOW:B101:Use of assert detected. The enclosed code will be removed when compiling to optimised byte code.
/var/lib/jenkins/workspace/cp1c/.aws-sam/build/GetTodoFunction/urllib3/response.py:826:LOW:B101:Use of assert detected. The enclosed code will be removed when compiling to optimised byte code.
/var/lib/jenkins/workspace/cp1c/.aws-sam/build/GetTodoFunction/urllib3/util/connection.py:129:LOW:B110:Try, Except, Pass detected.
/var/lib/jenkins/workspace/cp1c/.aws-sam/build/GetTodoFunction/urllib3/util/retry.py:305:LOW:B311:Standard pseudo-random generators are not suitable for security/cryptographic purposes.
/var/lib/jenkins/workspace/cp1c/.aws-sam/build/GetTodoFunction/urllib3/util/ssltransport.py:137:LOW:B101:Use of assert detected. The enclosed code will be removed when compiling to optimised byte code.
/var/lib/jenkins/workspace/cp1c/.aws-sam/build/GetTodoFunction/urllib3/util/ssltransport.py:160:LOW:B101:Use of assert detected. The enclosed code will be removed when compiling to optimised byte code.
/var/lib/jenkins/workspace/cp1c/.aws-sam/build/ListTodosFunction/requests/__init__.py:60:LOW:B101:Use of assert detected. The enclosed code will be removed when compiling to optimised byte code.
/var/lib/jenkins/workspace/cp1c/.aws-sam/build/ListTodosFunction/requests/__init__.py:70:LOW:B101:Use of assert detected. The enclosed code will be removed when compiling to optimised byte code.
/var/lib/jenkins/workspace/cp1c/.aws-sam/build/ListTodosFunction/requests/__init__.py:72:LOW:B101:Use of assert detected. The enclosed code will be removed when compiling to optimised byte code.
/var/lib/jenkins/workspace/cp1c/.aws-sam/build/ListTodosFunction/requests/__init__.py:79:LOW:B101:Use of assert detected. The enclosed code will be removed when compiling to optimised byte code.
/var/lib/jenkins/workspace/cp1c/.aws-sam/build/ListTodosFunction/requests/__init__.py:84:LOW:B101:Use of assert detected. The enclosed code will be removed when compiling to optimised byte code.
/var/lib/jenkins/workspace/cp1c/.aws-sam/build/ListTodosFunction/requests/_internal_utils.py:45:LOW:B101:Use of assert detected. The enclosed code will be removed when compiling to optimised byte code.
/var/lib/jenkins/workspace/cp1c/.aws-sam/build/ListTodosFunction/requests/auth.py:148:HIGH:B324:Use of weak MD5 hash for security. Consider usedforsecurity=False
/var/lib/jenkins/workspace/cp1c/.aws-sam/build/ListTodosFunction/requests/auth.py:156:HIGH:B324:Use of weak SHA1 hash for security. Consider usedforsecurity=False
/var/lib/jenkins/workspace/cp1c/.aws-sam/build/ListTodosFunction/requests/auth.py:205:HIGH:B324:Use of weak SHA1 hash for security. Consider usedforsecurity=False
/var/lib/jenkins/workspace/cp1c/.aws-sam/build/ListTodosFunction/urllib3/_collections.py:329:LOW:B101:Use of assert detected. The enclosed code will be removed when compiling to optimised byte code.
/var/lib/jenkins/workspace/cp1c/.aws-sam/build/ListTodosFunction/urllib3/http2/connection.py:260:LOW:B101:Use of assert detected. The enclosed code will be removed when compiling to optimised byte code.
/var/lib/jenkins/workspace/cp1c/.aws-sam/build/ListTodosFunction/urllib3/http2/connection.py:313:LOW:B110:Try, Except, Pass detected.
/var/lib/jenkins/workspace/cp1c/.aws-sam/build/ListTodosFunction/urllib3/http2/probe.py:45:LOW:B101:Use of assert detected. The enclosed code will be removed when compiling to optimised byte code.
/var/lib/jenkins/workspace/cp1c/.aws-sam/build/ListTodosFunction/urllib3/response.py:289:LOW:B101:Use of assert detected. The enclosed code will be removed when compiling to optimised byte code.
/var/lib/jenkins/workspace/cp1c/.aws-sam/build/ListTodosFunction/urllib3/response.py:826:LOW:B101:Use of assert detected. The enclosed code will be removed when compiling to optimised byte code.
/var/lib/jenkins/workspace/cp1c/.aws-sam/build/ListTodosFunction/urllib3/util/connection.py:129:LOW:B110:Try, Except, Pass detected.
/var/lib/jenkins/workspace/cp1c/.aws-sam/build/ListTodosFunction/urllib3/util/retry.py:305:LOW:B311:Standard pseudo-random generators are not suitable for security/cryptographic purposes.
/var/lib/jenkins/workspace/cp1c/.aws-sam/build/ListTodosFunction/urllib3/util/ssltransport.py:137:LOW:B101:Use of assert detected. The enclosed code will be removed when compiling to optimised byte code.
/var/lib/jenkins/workspace/cp1c/.aws-sam/build/ListTodosFunction/urllib3/util/ssltransport.py:160:LOW:B101:Use of assert detected. The enclosed code will be removed when compiling to optimised byte code.
/var/lib/jenkins/workspace/cp1c/.aws-sam/build/UpdateTodoFunction/requests/__init__.py:60:LOW:B101:Use of assert detected. The enclosed code will be removed when compiling to optimised byte code.
/var/lib/jenkins/workspace/cp1c/.aws-sam/build/UpdateTodoFunction/requests/__init__.py:70:LOW:B101:Use of assert detected. The enclosed code will be removed when compiling to optimised byte code.
/var/lib/jenkins/workspace/cp1c/.aws-sam/build/UpdateTodoFunction/requests/__init__.py:72:LOW:B101:Use of assert detected. The enclosed code will be removed when compiling to optimised byte code.
/var/lib/jenkins/workspace/cp1c/.aws-sam/build/UpdateTodoFunction/requests/__init__.py:79:LOW:B101:Use of assert detected. The enclosed code will be removed when compiling to optimised byte code.
/var/lib/jenkins/workspace/cp1c/.aws-sam/build/UpdateTodoFunction/requests/__init__.py:84:LOW:B101:Use of assert detected. The enclosed code will be removed when compiling to optimised byte code.
/var/lib/jenkins/workspace/cp1c/.aws-sam/build/UpdateTodoFunction/requests/_internal_utils.py:45:LOW:B101:Use of assert detected. The enclosed code will be removed when compiling to optimised byte code.
/var/lib/jenkins/workspace/cp1c/.aws-sam/build/UpdateTodoFunction/requests/auth.py:148:HIGH:B324:Use of weak MD5 hash for security. Consider usedforsecurity=False
/var/lib/jenkins/workspace/cp1c/.aws-sam/build/UpdateTodoFunction/requests/auth.py:156:HIGH:B324:Use of weak SHA1 hash for security. Consider usedforsecurity=False
/var/lib/jenkins/workspace/cp1c/.aws-sam/build/UpdateTodoFunction/requests/auth.py:205:HIGH:B324:Use of weak SHA1 hash for security. Consider usedforsecurity=False
/var/lib/jenkins/workspace/cp1c/.aws-sam/build/UpdateTodoFunction/urllib3/_collections.py:329:LOW:B101:Use of assert detected. The enclosed code will be removed when compiling to optimised byte code.
/var/lib/jenkins/workspace/cp1c/.aws-sam/build/UpdateTodoFunction/urllib3/http2/connection.py:260:LOW:B101:Use of assert detected. The enclosed code will be removed when compiling to optimised byte code.
/var/lib/jenkins/workspace/cp1c/.aws-sam/build/UpdateTodoFunction/urllib3/http2/connection.py:313:LOW:B110:Try, Except, Pass detected.
/var/lib/jenkins/workspace/cp1c/.aws-sam/build/UpdateTodoFunction/urllib3/http2/probe.py:45:LOW:B101:Use of assert detected. The enclosed code will be removed when compiling to optimised byte code.
/var/lib/jenkins/workspace/cp1c/.aws-sam/build/UpdateTodoFunction/urllib3/response.py:289:LOW:B101:Use of assert detected. The enclosed code will be removed when compiling to optimised byte code.
/var/lib/jenkins/workspace/cp1c/.aws-sam/build/UpdateTodoFunction/urllib3/response.py:826:LOW:B101:Use of assert detected. The enclosed code will be removed when compiling to optimised byte code.
/var/lib/jenkins/workspace/cp1c/.aws-sam/build/UpdateTodoFunction/urllib3/util/connection.py:129:LOW:B110:Try, Except, Pass detected.
/var/lib/jenkins/workspace/cp1c/.aws-sam/build/UpdateTodoFunction/urllib3/util/retry.py:305:LOW:B311:Standard pseudo-random generators are not suitable for security/cryptographic purposes.
/var/lib/jenkins/workspace/cp1c/.aws-sam/build/UpdateTodoFunction/urllib3/util/ssltransport.py:137:LOW:B101:Use of assert detected. The enclosed code will be removed when compiling to optimised byte code.
/var/lib/jenkins/workspace/cp1c/.aws-sam/build/UpdateTodoFunction/urllib3/util/ssltransport.py:160:LOW:B101:Use of assert detected. The enclosed code will be removed when compiling to optimised byte code.
/var/lib/jenkins/workspace/cp1c/test/integration/todoApiTest.py:30:MEDIUM:B113:Call to requests without timeout
/var/lib/jenkins/workspace/cp1c/test/integration/todoApiTest.py:44:MEDIUM:B113:Call to requests without timeout
/var/lib/jenkins/workspace/cp1c/test/integration/todoApiTest.py:59:MEDIUM:B113:Call to requests without timeout
/var/lib/jenkins/workspace/cp1c/test/integration/todoApiTest.py:72:MEDIUM:B113:Call to requests without timeout
/var/lib/jenkins/workspace/cp1c/test/integration/todoApiTest.py:85:MEDIUM:B113:Call to requests without timeout
/var/lib/jenkins/workspace/cp1c/test/integration/todoApiTest.py:99:MEDIUM:B113:Call to requests without timeout
/var/lib/jenkins/workspace/cp1c/test/integration/todoApiTest.py:109:MEDIUM:B113:Call to requests without timeout
/var/lib/jenkins/workspace/cp1c/test/integration/todoApiTest.py:123:MEDIUM:B113:Call to requests without timeout
/var/lib/jenkins/workspace/cp1c/test/integration/todoApiTest.py:141:MEDIUM:B113:Call to requests without timeout
/var/lib/jenkins/workspace/cp1c/test/integration/todoApiTest.py:153:MEDIUM:B113:Call to requests without timeout
/var/lib/jenkins/workspace/cp1c/test/integration/todoApiTest.py:163:MEDIUM:B113:Call to requests without timeout
/var/lib/jenkins/workspace/cp1c/test/integration/todoApiTest.py:176:MEDIUM:B113:Call to requests without timeout
/var/lib/jenkins/workspace/cp1c/test/integration/todoApiTest.py:189:MEDIUM:B113:Call to requests without timeout
/var/lib/jenkins/workspace/cp1c/test/integration/todoApiTest.py:196:MEDIUM:B113:Call to requests without timeout
